mode: set
github.com/chris10ml/go-web-products/internal/products/repository.go:22.47,26.2 1 1
github.com/chris10ml/go-web-products/internal/products/repository.go:32.44,34.45 2 0
github.com/chris10ml/go-web-products/internal/products/repository.go:37.2,37.24 1 0
github.com/chris10ml/go-web-products/internal/products/repository.go:41.2,41.42 1 0
github.com/chris10ml/go-web-products/internal/products/repository.go:34.45,36.3 1 0
github.com/chris10ml/go-web-products/internal/products/repository.go:37.24,39.3 1 0
github.com/chris10ml/go-web-products/internal/products/repository.go:46.50,47.45 1 1
github.com/chris10ml/go-web-products/internal/products/repository.go:51.2,51.22 1 1
github.com/chris10ml/go-web-products/internal/products/repository.go:47.45,49.3 1 0
github.com/chris10ml/go-web-products/internal/products/repository.go:54.145,55.45 1 0
github.com/chris10ml/go-web-products/internal/products/repository.go:59.2,62.45 3 0
github.com/chris10ml/go-web-products/internal/products/repository.go:66.2,66.15 1 0
github.com/chris10ml/go-web-products/internal/products/repository.go:55.45,57.3 1 0
github.com/chris10ml/go-web-products/internal/products/repository.go:62.45,64.3 1 0
github.com/chris10ml/go-web-products/internal/products/repository.go:69.146,82.45 3 1
github.com/chris10ml/go-web-products/internal/products/repository.go:86.2,86.26 1 1
github.com/chris10ml/go-web-products/internal/products/repository.go:94.2,94.14 1 1
github.com/chris10ml/go-web-products/internal/products/repository.go:98.2,98.45 1 1
github.com/chris10ml/go-web-products/internal/products/repository.go:102.2,102.15 1 1
github.com/chris10ml/go-web-products/internal/products/repository.go:82.45,84.3 1 0
github.com/chris10ml/go-web-products/internal/products/repository.go:86.26,87.27 1 1
github.com/chris10ml/go-web-products/internal/products/repository.go:87.27,91.4 3 1
github.com/chris10ml/go-web-products/internal/products/repository.go:94.14,96.3 1 0
github.com/chris10ml/go-web-products/internal/products/repository.go:98.45,100.3 1 0
github.com/chris10ml/go-web-products/internal/products/repository.go:105.71,110.45 4 1
github.com/chris10ml/go-web-products/internal/products/repository.go:114.2,116.26 2 1
github.com/chris10ml/go-web-products/internal/products/repository.go:124.2,124.14 1 1
github.com/chris10ml/go-web-products/internal/products/repository.go:128.2,128.45 1 1
github.com/chris10ml/go-web-products/internal/products/repository.go:132.2,132.28 1 1
github.com/chris10ml/go-web-products/internal/products/repository.go:110.45,112.3 1 0
github.com/chris10ml/go-web-products/internal/products/repository.go:116.26,117.27 1 1
github.com/chris10ml/go-web-products/internal/products/repository.go:117.27,121.4 3 1
github.com/chris10ml/go-web-products/internal/products/repository.go:124.14,126.3 1 0
github.com/chris10ml/go-web-products/internal/products/repository.go:128.45,130.3 1 0
github.com/chris10ml/go-web-products/internal/products/repository.go:135.43,136.45 1 1
github.com/chris10ml/go-web-products/internal/products/repository.go:140.2,141.39 2 1
github.com/chris10ml/go-web-products/internal/products/repository.go:148.2,148.14 1 1
github.com/chris10ml/go-web-products/internal/products/repository.go:154.2,154.12 1 1
github.com/chris10ml/go-web-products/internal/products/repository.go:136.45,138.3 1 0
github.com/chris10ml/go-web-products/internal/products/repository.go:141.39,142.23 1 1
github.com/chris10ml/go-web-products/internal/products/repository.go:142.23,145.4 2 1
github.com/chris10ml/go-web-products/internal/products/repository.go:148.14,150.3 1 0
github.com/chris10ml/go-web-products/internal/products/repository.go:150.8,150.52 1 1
github.com/chris10ml/go-web-products/internal/products/repository.go:150.52,152.3 1 0
github.com/chris10ml/go-web-products/internal/products/service.go:15.39,19.2 1 0
github.com/chris10ml/go-web-products/internal/products/service.go:21.47,24.2 2 0
github.com/chris10ml/go-web-products/internal/products/service.go:26.134,29.16 2 0
github.com/chris10ml/go-web-products/internal/products/service.go:33.2,36.16 3 0
github.com/chris10ml/go-web-products/internal/products/service.go:40.2,40.21 1 0
github.com/chris10ml/go-web-products/internal/products/service.go:29.16,31.3 1 0
github.com/chris10ml/go-web-products/internal/products/service.go:36.16,38.3 1 0
github.com/chris10ml/go-web-products/internal/products/service.go:43.143,45.2 1 0
github.com/chris10ml/go-web-products/internal/products/service.go:47.68,49.2 1 0
github.com/chris10ml/go-web-products/internal/products/service.go:51.40,53.2 1 0
